<?xml version="1.0" encoding="UTF-8" ?>
<testsuite failures="0" time="32.35" errors="0" skipped="0" tests="6" name="de.uzk.hki.da.at.ATPIPGen">
  <properties>
[...]
</properties>
  <testcase time="6.153" classname="de.uzk.hki.da.at.ATPIPGen" name="testUpdateUrls"/>
  <testcase time="5.639" classname="de.uzk.hki.da.at.ATPIPGen" name="testPublishInstOnly"/>
  <testcase time="4.646" classname="de.uzk.hki.da.at.ATPIPGen" name="testNoPubWithLawSet"/>
  <testcase time="4.632" classname="de.uzk.hki.da.at.ATPIPGen" name="testNoPubWithStartDateSet"/>
  <testcase time="5.625" classname="de.uzk.hki.da.at.ATPIPGen" name="testPublishNothing"/>
  <testcase time="5.65" classname="de.uzk.hki.da.at.ATPIPGen" name="testPublishAll"/>
</testsuite>