<?xml version="1.0" encoding="UTF-8" ?>
<testsuite failures="0" time="33.163" errors="0" skipped="0" tests="4" name="de.uzk.hki.da.at.ATUseCaseIngestValidationNotPassed">
  <properties>
[...]
</properties>
  <testcase time="8.613" classname="de.uzk.hki.da.at.ATUseCaseIngestValidationNotPassed" name="testFirst_tagmanifest1ZeichenChanged"/>
  <testcase time="8.961" classname="de.uzk.hki.da.at.ATUseCaseIngestValidationNotPassed" name="testManifestMd5_2filesChanged"/>
  <testcase time="7.113" classname="de.uzk.hki.da.at.ATUseCaseIngestValidationNotPassed" name="testOneFileDeleted"/>
  <testcase time="8.476" classname="de.uzk.hki.da.at.ATUseCaseIngestValidationNotPassed" name="testInvalidPremis"/>
</testsuite>