<?xml version="1.0" encoding="UTF-8" ?>
<testsuite failures="0" time="160.767" errors="0" skipped="0" tests="3" name="de.uzk.hki.da.at.ATUseCaseIngestSpecialCharacters">
  <properties>
[...]
</properties>
  <testcase time="55.59" classname="de.uzk.hki.da.at.ATUseCaseIngestSpecialCharacters" name="testSpecialCharsInPackageName"/>
  <testcase time="52.667" classname="de.uzk.hki.da.at.ATUseCaseIngestSpecialCharacters" name="testUmlautsInPackageName"/>
  <testcase time="52.51" classname="de.uzk.hki.da.at.ATUseCaseIngestSpecialCharacters" name="testWhiteSpacesInFileNames"/>
</testsuite>