<?xml version="1.0" encoding="UTF-8" ?>
<testsuite failures="0" time="14.828" errors="0" skipped="0" tests="124" name="de.uzk.hki.da.core.SimpleSuite">
  <properties>
[...]
</properties>
  <testcase time="0.172" classname="de.uzk.hki.da.cb.PrepareSendToPresenterActionTests" name="publishEverything"/>
  <testcase time="0.019" classname="de.uzk.hki.da.cb.PrepareSendToPresenterActionTests" name="publishNothing"/>
  <testcase time="0.431" classname="de.uzk.hki.da.core.IngestAreaScannerWorkerTests" name="replace"/>
  <testcase time="4.097" classname="de.uzk.hki.da.cb.ProperRefreshOfJobChildrenTest" name="test"/>
  <testcase time="0.021" classname="de.uzk.hki.da.model.JobCascadingTest" name="test"/>
  <testcase time="0.055" classname="de.uzk.hki.da.core.UserAreaScannerTests" name="dontMoveFilesOfUnfinishedCollections"/>
  <testcase time="0.025" classname="de.uzk.hki.da.core.UserAreaScannerTests" name="moveFilesOfFinishedCollectionsToStagingArea"/>
  <testcase time="0.428" classname="de.uzk.hki.da.cb.ConvertActionTests" name="testConversion"/>
  <testcase time="0.444" classname="de.uzk.hki.da.cb.ConvertActionTests" name="testRollback"/>
  <testcase time="0.028" classname="de.uzk.hki.da.model.SaveConversionInstructionsByJob" name="testOrphanRemoval"/>
  <testcase time="0.008" classname="de.uzk.hki.da.model.SaveConversionInstructionsByJob" name="testAutomaticInsertion"/>
  <testcase time="0.529" classname="de.uzk.hki.da.cb.CreatePremisActionTests" name="testRollback"/>
  <testcase time="0.25" classname="de.uzk.hki.da.cb.CreatePremisActionTests" name="testPremisFileCreation"/>
  <testcase time="0.413" classname="de.uzk.hki.da.cb.CreatePremisActionTests" name="testDeltaPremisFileCreation"/>
  <testcase time="0.004" classname="de.uzk.hki.da.cb.CreatePremisActionTests" name="testCheckConvertEvents"/>
  <testcase time="1.371" classname="de.uzk.hki.da.cb.UnpackActionBagitAndDeltaTests" name="testUnpackStdPackage"/>
  <testcase time="1.195" classname="de.uzk.hki.da.cb.UnpackActionBagitAndDeltaTests" name="testDeleteSourcePackage"/>
  <testcase time="0.03" classname="de.uzk.hki.da.cb.UnpackActionBagitAndDeltaTests" name="throwExceptionWhenZIPdoesntExist"/>
  <testcase time="0.017" classname="de.uzk.hki.da.convert.CLIConversionStrategyTests" name="convertFileContainingWhitespaces"/>
  <testcase time="0.135" classname="de.uzk.hki.da.convert.CLIConversionStrategyTests" name="testResolveAdditionalParams"/>
  <testcase time="0.091" classname="de.uzk.hki.da.convert.CLIConversionStrategyTests" name="testOutputParameterAfterEqualsSign"/>
  <testcase time="0" classname="de.uzk.hki.da.cb.ObjectTest" name="createObject"/>
  <testcase time="0.012" classname="de.uzk.hki.da.cb.ConversionInstructionsBuilderTests" name="generateConversionInstructionsRecursively"/>
  <testcase time="0" classname="de.uzk.hki.da.cb.ConversionInstructionsBuilderTests" name="prefixFoldersHelperTest"/>
  <testcase time="0.002" classname="de.uzk.hki.da.db.CentralDatabaseDAOTests" name="testAddConversionInstructionWithInvalidRoutine"/>
  <testcase time="0.083" classname="de.uzk.hki.da.db.CentralDatabaseDAOTests" name="testGetAllNodes"/>
  <testcase time="0.003" classname="de.uzk.hki.da.cb.SelectProcessingNodesTests" name="testTwoRoutinesOnInitalNode"/>
  <testcase time="0" classname="de.uzk.hki.da.cb.SelectProcessingNodesTests" name="testNoNodeDefinedForRoutine"/>
  <testcase time="0.001" classname="de.uzk.hki.da.cb.SelectProcessingNodesTests" name="testOneRoutineOnInitialNode"/>
  <testcase time="0.001" classname="de.uzk.hki.da.cb.SelectProcessingNodesTests" name="testTwoConversionRoutineOnDedicatedNodes"/>
  <testcase time="0.001" classname="de.uzk.hki.da.cb.SelectProcessingNodesTests" name="testResolveListOfWorkingResources"/>
  <testcase time="0.002" classname="de.uzk.hki.da.core.URNGeneratorTests" name="testCheckDigit"/>
  <testcase time="0.006" classname="de.uzk.hki.da.core.URNGeneratorTests" name="testGenerateURNForNode"/>
  <testcase time="0.053" classname="de.uzk.hki.da.core.ActionFactoryTests" name="testBuildNextAction"/>
  <testcase time="0.032" classname="de.uzk.hki.da.core.ActionFactoryTests" name="testNoJobFound"/>
  <testcase time="0.016" classname="de.uzk.hki.da.service.RetrievePackagesHelperTest" name="testUnpack"/>
  <testcase time="0.35" classname="de.uzk.hki.da.core.ActionRegistryTests" name="testReport"/>
  <testcase time="0.118" classname="de.uzk.hki.da.core.ActionRegistryTests" name="testRegisterActions"/>
  <testcase time="0.1" classname="de.uzk.hki.da.core.ActionRegistryTests" name="testUnknownAction"/>
  <testcase time="0.087" classname="de.uzk.hki.da.core.ActionRegistryTests" name="testActiveThreadsLowerThanZero"/>
  <testcase time="0.077" classname="de.uzk.hki.da.core.ActionRegistryTests" name="testAvailableJobTypes"/>
  <testcase time="0.07" classname="de.uzk.hki.da.core.ActionRegistryTests" name="testJobWithMaxThreads"/>
  <testcase time="0.049" classname="de.uzk.hki.da.cb.TarActionTests" name="rollback"/>
  <testcase time="0.032" classname="de.uzk.hki.da.cb.TarActionTests" name="testTarCreation"/>
  <testcase time="0.006" classname="de.uzk.hki.da.cb.TarActionTests" name="properBagCreation"/>
  <testcase time="0.004" classname="de.uzk.hki.da.cb.TarActionTests" name="irodsCollectionRemoval"/>
  <testcase time="0.031" classname="de.uzk.hki.da.cb.TarActionTests" name="testDestructionOfOriginalForkObject"/>
  <testcase time="0.008" classname="de.uzk.hki.da.cb.BuildAIPActionTests" name="properBagCreation"/>
  <testcase time="0.008" classname="de.uzk.hki.da.cb.BuildAIPActionTests" name="irodsCollectionRemoval"/>
  <testcase time="0.062" classname="de.uzk.hki.da.cb.BuildAIPActionTests" name="testOnlyNewestRepsSurvive"/>
  <testcase time="0.057" classname="de.uzk.hki.da.cb.BuildAIPActionTests" name="testDeleteOldPremisFile"/>
  <testcase time="0.085" classname="de.uzk.hki.da.cb.BuildAIPActionTests" name="deleteBagInfosWhenRollingBack"/>
  <testcase time="0.087" classname="de.uzk.hki.da.db.HibernateUtilTests" name="testCreateNewSessionPerThread"/>
  <testcase time="0.001" classname="de.uzk.hki.da.db.HibernateUtilTests" name="testDontCreateNewSessionInSameThread"/>
  <testcase time="0" classname="de.uzk.hki.da.model.ModelTest" name="modelTest"/>
  <testcase time="0" classname="de.uzk.hki.da.cb.ConvertCheckActionTests" name="testWaitUntilChildrenAreReady"/>
  <testcase time="0.004" classname="de.uzk.hki.da.cb.ConvertActionNodeSplittingTests" name="test"/>
  <testcase time="0.424" classname="de.uzk.hki.da.convert.ConverterServiceTests" name="test"/>
  <testcase time="0.016" classname="de.uzk.hki.da.cb.ScanActionTests" name="conversionInstructionsGetCreatedProperly"/>
  <testcase time="0.102" classname="de.uzk.hki.da.archivers.ArchiveBuilderTests" name="testSourceContainerMustStillExistAfterUnpacking"/>
  <testcase time="0.116" classname="de.uzk.hki.da.archivers.ArchiveBuilderTests" name="testCompressAndUncompressWithAllBuildersWithoutFolderInclusion"/>
  <testcase time="0.122" classname="de.uzk.hki.da.archivers.ArchiveBuilderTests" name="testCompressAndUncompressWithAllBuildersWithFolderInclusion"/>
  <testcase time="0.005" classname="de.uzk.hki.da.archivers.ArchiveBuilderTests" name="testNativeJavaTarWithoutFolderInclusion"/>
  <testcase time="0.005" classname="de.uzk.hki.da.archivers.ArchiveBuilderTests" name="testNativeJavaTarWithFolderInclusion"/>
  <testcase time="0.001" classname="de.uzk.hki.da.format.FormatScanServiceTests" name="foundCodecIsNotAllowed"/>
  <testcase time="0.005" classname="de.uzk.hki.da.format.FormatScanServiceTests" name="identifyFileWithCompressionAlgorithm"/>
  <testcase time="0.001" classname="de.uzk.hki.da.format.FormatScanServiceTests" name="identifyFileWithoutCompressionAlgorithm"/>
  <testcase time="0.001" classname="de.uzk.hki.da.format.FormatScanServiceTests" name="identifyListOfFiles"/>
  <testcase time="0" classname="de.uzk.hki.da.format.FormatScanServiceTests" name="fileDoesNotExist"/>
  <testcase time="0.001" classname="de.uzk.hki.da.model.PreservationSystemTests" name="testFileHasNoFileFormat"/>
  <testcase time="0" classname="de.uzk.hki.da.model.PreservationSystemTests" name="testSuccessScenario"/>
  <testcase time="0.001" classname="de.uzk.hki.da.model.PreservationSystemTests" name="testNoPoliciesForContractor"/>
  <testcase time="0.003" classname="de.uzk.hki.da.model.GetNewestFilesFromAllRepresentationsTests" name="testIanusPkg"/>
  <testcase time="0.004" classname="de.uzk.hki.da.model.GetNewestFilesFromAllRepresentationsTests" name="getNewestFilesFromAllRepresentations"/>
  <testcase time="0.002" classname="de.uzk.hki.da.model.GetNewestFilesFromAllRepresentationsTests" name="getNewestFileForDocument"/>
  <testcase time="0.141" classname="de.uzk.hki.da.cb.RetrievalActionTest" name="test"/>
  <testcase time="0.014" classname="de.uzk.hki.da.metadata.PremisXmlStreamWriterTest" name="testWriteMetadata"/>
  <testcase time="0" classname="de.uzk.hki.da.core.ActionCommunicatorServiceTests" name="testObjectStorage"/>
  <testcase time="0.007" classname="de.uzk.hki.da.core.ActionCommunicatorServiceTests" name="testSerialization"/>
  <testcase time="0.003" classname="de.uzk.hki.da.grid.IrodsGridFacadeTest" name="putFileDoesNotExist"/>
  <testcase time="0.003" classname="de.uzk.hki.da.grid.IrodsGridFacadeTest" name="putFileAlreadyExistsWithApplicableChecksum"/>
  <testcase time="0.003" classname="de.uzk.hki.da.grid.IrodsGridFacadeTest" name="putFileAlreadyExistsWithNotApplicableChecksum"/>
  <testcase time="0.001" classname="de.uzk.hki.da.grid.IrodsGridFacadeTest" name="putFileAlreadyExistsWithMoreThanOneRepls"/>
  <testcase time="0.112" classname="de.uzk.hki.da.convert.PublishImageConversionStrategyTest" name="testResizeAndWatermark"/>
  <testcase time="0.032" classname="de.uzk.hki.da.convert.PublishImageConversionStrategyTest" name="testFooterTextWithResize"/>
  <testcase time="0.035" classname="de.uzk.hki.da.convert.PublishImageConversionStrategyTest" name="testFooterTextWithoutResize"/>
  <testcase time="0.014" classname="de.uzk.hki.da.convert.PublishVideoConversionStrategyTests" name="test"/>
  <testcase time="0.193" classname="de.uzk.hki.da.convert.PublishXsltConversionStrategyTests" name="testErrorHandlingCorrect"/>
  <testcase time="0.01" classname="de.uzk.hki.da.convert.PublishXsltConversionStrategyTests" name="testErrorHandlingNotWellFormed"/>
  <testcase time="0.097" classname="de.uzk.hki.da.convert.PublishXsltConversionStrategyTests" name="testErrorHandlingNotValid"/>
  <testcase time="0.008" classname="de.uzk.hki.da.convert.PublishXsltConversionStrategyTests" name="testErrorHandlingCharsetErrors"/>
  <testcase time="0.006" classname="de.uzk.hki.da.convert.PublishAudioConversionStrategyTests" name="test"/>
  <testcase time="0.017" classname="de.uzk.hki.da.cb.UpdateMetadataActionTests" name="testWritePackageTypeToDC"/>
  <testcase time="0.635" classname="de.uzk.hki.da.cb.UpdateMetadataActionTests" name="testUpdatePathsInMetadata"/>
  <testcase time="0" classname="de.uzk.hki.da.cb.IndexESActionTests" name="test"/>
  <testcase time="0.009" classname="de.uzk.hki.da.metadata.PremisXmlReaderTests" name="test"/>
  <testcase time="0.033" classname="de.uzk.hki.da.metadata.PremisXmlReaderTests" name="testRights"/>
  <testcase time="0.05" classname="de.uzk.hki.da.metadata.MetsRightsSectionXmlReaderTest" name="testRights"/>
  <testcase time="0.037" classname="de.uzk.hki.da.metadata.MetsURNXmlReaderTest" name="testReadXmlFromMetsFile"/>
  <testcase time="0.001" classname="de.uzk.hki.da.integrity.IntegrityScannerWorkerTest" name="testObjectIntegrityNotAchievedCausePackage2IsBroken"/>
  <testcase time="0.001" classname="de.uzk.hki.da.integrity.IntegrityScannerWorkerTest" name="testObjectIntegrityAchieved"/>
  <testcase time="0.005" classname="de.uzk.hki.da.cb.ShortenFileNamesActionTests" name="test"/>
  <testcase time="0.006" classname="de.uzk.hki.da.service.XPathUtilsTests" name="testGetXPathElementText"/>
  <testcase time="0.001" classname="de.uzk.hki.da.utils.CommaSeparatedListTests" name="toList"/>
  <testcase time="0" classname="de.uzk.hki.da.utils.CommaSeparatedListTests" name="toString_"/>
  <testcase time="0.003" classname="de.uzk.hki.da.cb.CheckFormatsActionTest" name="testThatNewConvertedFileHasCorrectFormatInfo"/>
  <testcase time="0.003" classname="de.uzk.hki.da.cb.CheckFormatsActionTest" name="testThatNewConvertedFileHasCorrectFormatInfoWithDeltas"/>
  <testcase time="0.002" classname="de.uzk.hki.da.cb.CheckFormatsActionTest" name="testThatObjectsFormatListsAreCorrect"/>
  <testcase time="0.002" classname="de.uzk.hki.da.cb.CheckFormatsActionTest" name="testThatObjectsCodecListsAreCorrect"/>
  <testcase time="0.003" classname="de.uzk.hki.da.cb.CheckFormatsActionTest" name="testThatObjectsFormatsListsAreCorrectWithDeltas"/>
  <testcase time="0.005" classname="de.uzk.hki.da.cb.CheckFormatsActionTest" name="testThatObjectsCodecListsAreCorrectWithDeltas"/>
  <testcase time="0" classname="de.uzk.hki.da.model.GetAllFilesTest" name="test"/>
  <testcase time="0.001" classname="de.uzk.hki.da.convert.PdfConversionStrategyTest" name="testPdfConversion"/>
  <testcase time="0.765" classname="de.uzk.hki.da.convert.PublishPDFConversionStrategyTests" name="test"/>
  <testcase time="0.074" classname="de.uzk.hki.da.convert.TiffConversionStrategyTests" name="testSubfolderCreation"/>
  <testcase time="0.079" classname="de.uzk.hki.da.convert.TiffConversionStrategyTests" name="testConversionCompressedTiff"/>
  <testcase time="0.021" classname="de.uzk.hki.da.convert.TiffConversionStrategyTests" name="testConversionUnCompressedTiff"/>
  <testcase time="0.003" classname="de.uzk.hki.da.service.URNCheckDigitGeneratorTests" name="testcheckDigitGeneration"/>
  <testcase time="0.311" classname="de.uzk.hki.da.convert.PDFServiceTests" name="testNumberOfPagesExceedsDocumentsPages"/>
  <testcase time="0.058" classname="de.uzk.hki.da.convert.PDFServiceTests" name="testCertainPagesExceedsDocumentsPages"/>
  <testcase time="0" classname="de.uzk.hki.da.model.PackageTests" name="test"/>
  <testcase time="0.003" classname="de.uzk.hki.da.cb.ArchiveReplicationActionTests" name="testHappyPath"/>
  <testcase time="0.001" classname="de.uzk.hki.da.cb.ArchiveReplicationActionTests" name="testReplDestsNotSet"/>
  <testcase time="0" classname="de.uzk.hki.da.cb.ArchiveReplicationActionTests" name="testForbiddenNodesNotSet"/>
</testsuite>